0 info it worked if it ends with ok
1 verbose cli [ '/usr/bin/node', '/usr/bin/npm', 'run', 'sass' ]
2 info using npm@3.5.2
3 info using node@v8.10.0
4 verbose run-script [ 'presass', 'sass', 'postsass' ]
5 info lifecycle p3_ferhi_sabrina@1.0.0~presass: p3_ferhi_sabrina@1.0.0
6 silly lifecycle p3_ferhi_sabrina@1.0.0~presass: no script for presass, continuing
7 info lifecycle p3_ferhi_sabrina@1.0.0~sass: p3_ferhi_sabrina@1.0.0
8 verbose lifecycle p3_ferhi_sabrina@1.0.0~sass: unsafe-perm in lifecycle true
9 verbose lifecycle p3_ferhi_sabrina@1.0.0~sass: PATH: /usr/share/npm/bin/node-gyp-bin:/home/souli/Documents/Sabrina/P3_FERHI_SABRINA/node_modules/.bin:/home/souli/.cargo/bin:/usr/local/sbin:/usr/local/bin:/usr/sbin:/usr/bin:/sbin:/bin:/snap/bin
10 verbose lifecycle p3_ferhi_sabrina@1.0.0~sass: CWD: /home/souli/Documents/Sabrina/P3_FERHI_SABRINA
11 silly lifecycle p3_ferhi_sabrina@1.0.0~sass: Args: [ '-c',
11 silly lifecycle   'sass --watch ./sass/main.scss:./assets/css/style.css --style compressed' ]
12 silly lifecycle p3_ferhi_sabrina@1.0.0~sass: Returned: code: 1  signal: null
13 info lifecycle p3_ferhi_sabrina@1.0.0~sass: Failed to exec sass script
14 verbose stack Error: p3_ferhi_sabrina@1.0.0 sass: `sass --watch ./sass/main.scss:./assets/css/style.css --style compressed`
14 verbose stack Exit status 1
14 verbose stack     at EventEmitter.<anonymous> (/usr/share/npm/lib/utils/lifecycle.js:232:16)
14 verbose stack     at emitTwo (events.js:126:13)
14 verbose stack     at EventEmitter.emit (events.js:214:7)
14 verbose stack     at ChildProcess.<anonymous> (/usr/share/npm/lib/utils/spawn.js:24:14)
14 verbose stack     at emitTwo (events.js:126:13)
14 verbose stack     at ChildProcess.emit (events.js:214:7)
14 verbose stack     at maybeClose (internal/child_process.js:925:16)
14 verbose stack     at Process.ChildProcess._handle.onexit (internal/child_process.js:209:5)
15 verbose pkgid p3_ferhi_sabrina@1.0.0
16 verbose cwd /home/souli/Documents/Sabrina/P3_FERHI_SABRINA
17 error Linux 4.15.0-36-generic
18 error argv "/usr/bin/node" "/usr/bin/npm" "run" "sass"
19 error node v8.10.0
20 error npm  v3.5.2
21 error code ELIFECYCLE
22 error p3_ferhi_sabrina@1.0.0 sass: `sass --watch ./sass/main.scss:./assets/css/style.css --style compressed`
22 error Exit status 1
23 error Failed at the p3_ferhi_sabrina@1.0.0 sass script 'sass --watch ./sass/main.scss:./assets/css/style.css --style compressed'.
23 error Make sure you have the latest version of node.js and npm installed.
23 error If you do, this is most likely a problem with the p3_ferhi_sabrina package,
23 error not with npm itself.
23 error Tell the author that this fails on your system:
23 error     sass --watch ./sass/main.scss:./assets/css/style.css --style compressed
23 error You can get information on how to open an issue for this project with:
23 error     npm bugs p3_ferhi_sabrina
23 error Or if that isn't available, you can get their info via:
23 error     npm owner ls p3_ferhi_sabrina
23 error There is likely additional logging output above.
24 verbose exit [ 1, true ]
